#
# There is insufficient memory for the Java Runtime Environment to continue.
# Native memory allocation (mmap) failed to map 257949696 bytes for G1 virtual space
# Possible reasons:
#   The system is out of physical RAM or swap space
#   The process is running with CompressedOops enabled, and the Java Heap may be blocking the growth of the native heap
# Possible solutions:
#   Reduce memory load on the system
#   Increase physical memory or swap space
#   Check if swap backing store is full
#   Decrease Java heap size (-Xmx/-Xms)
#   Decrease number of Java threads
#   Decrease Java thread stack sizes (-Xss)
#   Set larger code cache with -XX:ReservedCodeCacheSize=
#   JVM is running with Unscaled Compressed Oops mode in which the Java heap is
#     placed in the first 4GB address space. The Java Heap base address is the
#     maximum limit for the native heap growth. Please use -XX:HeapBaseMinAddress
#     to set the Java Heap base and to place the Java Heap above 4GB virtual address.
# This output file may be truncated or incomplete.
#
#  Out of Memory Error (os_windows.cpp:3535), pid=18960, tid=3832
#
# JRE version:  (17.0.3.1+2) (build )
# Java VM: Java HotSpot(TM) 64-Bit Server VM (17.0.3.1+2-LTS-6, mixed mode, sharing, tiered, compressed oops, compressed class ptrs, g1 gc, windows-amd64)
# No core dump will be written. Minidumps are not enabled by default on client versions of Windows
#

---------------  S U M M A R Y ------------

Command Line: -Dorg.gradle.internal.worker.tmpdir=C:\Users\Hyeong\Documents\GitHub\my-project\backend\build\tmp\test\work -Dorg.gradle.native=false -Xmx512m -Dfile.encoding=UTF-8 -Duser.country=KR -Duser.language=ko -Duser.variant -ea worker.org.gradle.process.internal.worker.GradleWorkerMain 'Gradle Test Executor 7'

Host: AMD Ryzen 5 5500U with Radeon Graphics         , 12 cores, 15G,  Windows 10 , 64 bit Build 19041 (10.0.19041.1889)
Time: Sat Sep 10 20:19:01 2022  Windows 10 , 64 bit Build 19041 (10.0.19041.1889) elapsed time: 0.011693 seconds (0d 0h 0m 0s)

---------------  T H R E A D  ---------------

Current thread (0x000001d2d5ffe270):  JavaThread "Unknown thread" [_thread_in_vm, id=3832, stack(0x0000009758300000,0x0000009758400000)]

Stack: [0x0000009758300000,0x0000009758400000]
Native frames: (J=compiled Java code, j=interpreted, Vv=VM code, C=native code)
V  [jvm.dll+0x6711ba]
V  [jvm.dll+0x7d0834]
V  [jvm.dll+0x7d1fde]
V  [jvm.dll+0x7d2643]
V  [jvm.dll+0x242c85]
V  [jvm.dll+0x66e0d9]
V  [jvm.dll+0x662a22]
V  [jvm.dll+0x300ddb]
V  [jvm.dll+0x308376]
V  [jvm.dll+0x357f7e]
V  [jvm.dll+0x3581af]
V  [jvm.dll+0x2d7ff8]
V  [jvm.dll+0x2d8f64]
V  [jvm.dll+0x7a2411]
V  [jvm.dll+0x365d01]
V  [jvm.dll+0x78187c]
V  [jvm.dll+0x3e873f]
V  [jvm.dll+0x3ea1e1]
C  [jli.dll+0x527b]
C  [ucrtbase.dll+0x21bb2]
C  [KERNEL32.DLL+0x17034]
C  [ntdll.dll+0x52651]


---------------  P R O C E S S  ---------------

Threads class SMR info:
_java_thread_list=0x00007ffa44ee9858, length=0, elements={
}

Java Threads: ( => current thread )

Other Threads:
  0x000001d2d60330a0 GCTaskThread "GC Thread#0" [stack: 0x0000009758400000,0x0000009758500000] [id=8352]
  0x000001d2d6036ee0 ConcurrentGCThread "G1 Main Marker" [stack: 0x0000009758500000,0x0000009758600000] [id=17828]
  0x000001d2d6037800 ConcurrentGCThread "G1 Conc#0" [stack: 0x0000009758600000,0x0000009758700000] [id=17616]

[error occurred during error reporting (printing all threads), id 0xc0000005, EXCEPTION_ACCESS_VIOLATION (0xc0000005) at pc=0x00007ffa447389e7]

VM state: not at safepoint (not fully initialized)

VM Mutex/Monitor currently owned by a thread:  ([mutex/lock_event])
[0x000001d2d5ff9380] Heap_lock - owner thread: 0x000001d2d5ffe270

Heap address: 0x00000000e0000000, size: 512 MB, Compressed Oops mode: 32-bit

CDS archive(s) mapped at: [0x0000000000000000-0x0000000000000000-0x0000000000000000), size 0, SharedBaseAddress: 0x0000000800000000, ArchiveRelocationMode: 0.
Narrow klass base: 0x0000000000000000, Narrow klass shift: 0, Narrow klass range: 0x0

GC Precious Log:
<Empty>

Heap:
 garbage-first heap   total 0K, used 0K [0x00000000e0000000, 0x0000000100000000)
  region size 1024K, 0 young (0K), 0 survivors (0K)

[error occurred during error reporting (printing heap information), id 0xc0000005, EXCEPTION_ACCESS_VIOLATION (0xc0000005) at pc=0x00007ffa44b1a629]

GC Heap History (0 events):
No events

Deoptimization events (0 events):
No events

Classes unloaded (0 events):
No events

Classes redefined (0 events):
No events

Internal exceptions (0 events):
No events

VM Operations (0 events):
No events

Events (1 events):
Event: 0.008 Loaded shared library D:\jdk-17\bin\java.dll


Dynamic libraries:
0x00007ff7f8b40000 - 0x00007ff7f8b50000 	D:\jdk-17\bin\java.exe
0x00007ffad4790000 - 0x00007ffad4988000 	C:\Windows\SYSTEM32\ntdll.dll
0x00007ffad2a80000 - 0x00007ffad2b3d000 	C:\Windows\System32\KERNEL32.DLL
0x00007ffad2520000 - 0x00007ffad27ee000 	C:\Windows\System32\KERNELBASE.dll
0x00007ffad1f20000 - 0x00007ffad2020000 	C:\Windows\System32\ucrtbase.dll
0x00007ffacd840000 - 0x00007ffacd85a000 	D:\jdk-17\bin\VCRUNTIME140.dll
0x00007ffacd820000 - 0x00007ffacd838000 	D:\jdk-17\bin\jli.dll
0x00007ffad3e30000 - 0x00007ffad3ede000 	C:\Windows\System32\ADVAPI32.dll
0x00007ffad4640000 - 0x00007ffad46de000 	C:\Windows\System32\msvcrt.dll
0x00007ffad3d10000 - 0x00007ffad3dac000 	C:\Windows\System32\sechost.dll
0x00007ffad2cc0000 - 0x00007ffad2de5000 	C:\Windows\System32\RPCRT4.dll
0x00007ffad4070000 - 0x00007ffad4210000 	C:\Windows\System32\USER32.dll
0x00007ffad21b0000 - 0x00007ffad21d2000 	C:\Windows\System32\win32u.dll
0x00007ffad2b40000 - 0x00007ffad2b6a000 	C:\Windows\System32\GDI32.dll
0x00007ffad2070000 - 0x00007ffad217b000 	C:\Windows\System32\gdi32full.dll
0x00007ffad2270000 - 0x00007ffad230d000 	C:\Windows\System32\msvcp_win.dll
0x00007ffabe930000 - 0x00007ffabebca000 	C:\Windows\WinSxS\amd64_microsoft.windows.common-controls_6595b64144ccf1df_6.0.19041.1110_none_60b5254171f9507e\COMCTL32.dll
0x00007ffac87e0000 - 0x00007ffac87ea000 	C:\Windows\SYSTEM32\VERSION.dll
0x00007ffad27f0000 - 0x00007ffad2820000 	C:\Windows\System32\IMM32.DLL
0x00007ffaca650000 - 0x00007ffaca65c000 	D:\jdk-17\bin\vcruntime140_1.dll
0x00007ffaa19a0000 - 0x00007ffaa1a2d000 	D:\jdk-17\bin\msvcp140.dll
0x00007ffa44450000 - 0x00007ffa45010000 	D:\jdk-17\bin\server\jvm.dll
0x00007ffad2ee0000 - 0x00007ffad2ee8000 	C:\Windows\System32\PSAPI.DLL
0x00007ffac87f0000 - 0x00007ffac8817000 	C:\Windows\SYSTEM32\WINMM.dll
0x00007ffa910f0000 - 0x00007ffa910f9000 	C:\Windows\SYSTEM32\WSOCK32.dll
0x00007ffad46e0000 - 0x00007ffad474b000 	C:\Windows\System32\WS2_32.dll
0x00007ffacfd50000 - 0x00007ffacfd62000 	C:\Windows\SYSTEM32\kernel.appcore.dll
0x00007ffac1fc0000 - 0x00007ffac1fca000 	D:\jdk-17\bin\jimage.dll
0x00007ffac3ff0000 - 0x00007ffac41d4000 	C:\Windows\SYSTEM32\DBGHELP.DLL
0x00007ffabb130000 - 0x00007ffabb15c000 	C:\Windows\SYSTEM32\dbgcore.DLL
0x00007ffad21e0000 - 0x00007ffad2262000 	C:\Windows\System32\bcryptPrimitives.dll
0x00007ffac1e80000 - 0x00007ffac1ea5000 	D:\jdk-17\bin\java.dll

dbghelp: loaded successfully - version: 4.0.5 - missing functions: none
symbol engine: initialized successfully - sym options: 0x614 - pdb path: .;D:\jdk-17\bin;C:\Windows\SYSTEM32;C:\Windows\WinSxS\amd64_microsoft.windows.common-controls_6595b64144ccf1df_6.0.19041.1110_none_60b5254171f9507e;D:\jdk-17\bin\server

VM Arguments:
jvm_args: -Dorg.gradle.internal.worker.tmpdir=C:\Users\Hyeong\Documents\GitHub\my-project\backend\build\tmp\test\work -Dorg.gradle.native=false -Xmx512m -Dfile.encoding=UTF-8 -Duser.country=KR -Duser.language=ko -Duser.variant -ea 
java_command: worker.org.gradle.process.internal.worker.GradleWorkerMain 'Gradle Test Executor 7'
java_class_path (initial): D:\Program Files\.gradle\caches\7.5\workerMain\gradle-worker.jar;C:\Users\Hyeong\Documents\GitHub\my-project\backend\build\classes\java\test;C:\Users\Hyeong\Documents\GitHub\my-project\backend\build\classes\java\main;C:\Users\Hyeong\Documents\GitHub\my-project\backend\build\resources\main;D:\Program Files\.gradle\caches\modules-2\files-2.1\org.springframework.boot\spring-boot-starter-web\2.7.3\9e36c7517c4f872b69d0665e1dd46bd6d83c43b7\spring-boot-starter-web-2.7.3.jar;D:\Program Files\.gradle\caches\modules-2\files-2.1\org.springframework.boot\spring-boot-starter-batch\2.7.3\c99b4db710e57ede8ffbd904de35515adb325ca7\spring-boot-starter-batch-2.7.3.jar;D:\Program Files\.gradle\caches\modules-2\files-2.1\org.springframework.boot\spring-boot-starter-data-jpa\2.7.3\23f7118584200cf9edd43140dc6252679047bee0\spring-boot-starter-data-jpa-2.7.3.jar;D:\Program Files\.gradle\caches\modules-2\files-2.1\org.springframework.boot\spring-boot-starter-validation\2.7.3\c2e59c8d4df01dfecbdeac96693944ffcb2527ae\spring-boot-starter-validation-2.7.3.jar;D:\Program Files\.gradle\caches\modules-2\files-2.1\io.springfox\springfox-boot-starter\3.0.0\5486365e263f8acca014b97efa50c3419d58e8f6\springfox-boot-starter-3.0.0.jar;D:\Program Files\.gradle\caches\modules-2\files-2.1\org.springframework.boot\spring-boot-starter-data-redis\2.7.3\e230d74ab26914d35e57ec5dc723aa5035ad0ae1\spring-boot-starter-data-redis-2.7.3.jar;D:\Program Files\.gradle\caches\modules-2\files-2.1\com.querydsl\querydsl-jpa\5.0.0\2d66608cb2cbcde56290e49f2918960cc17fcb09\querydsl-jpa-5.0.0.jar;D:\Program Files\.gradle\caches\modules-2\files-2.1\com.querydsl\querydsl-apt\5.0.0\fa5554c395bdcbe9846242824857a82874ad3223\querydsl-apt-5.0.0.jar;D:\Program Files\.gradle\caches\modules-2\files-2.1\com.github.gavlyukovskiy\p6spy-spring-boot-starter\1.5.8\a8ea071da0becc2eb2540981ce540a6c49c1f080\p6spy-spring-boot-starter-1.5.8.jar;D:\Program Files\.gradle\caches\modules-2\files-2.1\org.springframework.boot\sp
Launcher Type: SUN_STANDARD

[Global flags]
     intx CICompilerCount                          = 4                                         {product} {ergonomic}
     uint ConcGCThreads                            = 3                                         {product} {ergonomic}
     uint G1ConcRefinementThreads                  = 10                                        {product} {ergonomic}
   size_t G1HeapRegionSize                         = 1048576                                   {product} {ergonomic}
    uintx GCDrainStackTargetSize                   = 64                                        {product} {ergonomic}
   size_t InitialHeapSize                          = 257949696                                 {product} {ergonomic}
   size_t MarkStackSize                            = 4194304                                   {product} {ergonomic}
   size_t MaxHeapSize                              = 536870912                                 {product} {command line}
   size_t MinHeapDeltaBytes                        = 1048576                                   {product} {ergonomic}
   size_t MinHeapSize                              = 8388608                                   {product} {ergonomic}
    uintx NonNMethodCodeHeapSize                   = 5839372                                {pd product} {ergonomic}
    uintx NonProfiledCodeHeapSize                  = 122909434                              {pd product} {ergonomic}
    uintx ProfiledCodeHeapSize                     = 122909434                              {pd product} {ergonomic}
    uintx ReservedCodeCacheSize                    = 251658240                              {pd product} {ergonomic}
     bool SegmentedCodeCache                       = true                                      {product} {ergonomic}
   size_t SoftMaxHeapSize                          = 536870912                              {manageable} {ergonomic}
     bool UseCompressedClassPointers               = true                           {product lp64_product} {ergonomic}
     bool UseCompressedOops                        = true                           {product lp64_product} {ergonomic}
     bool UseG1GC                                  = true                                      {product} {ergonomic}
     bool UseLargePagesIndividualAllocation        = false                                  {pd product} {ergonomic}

Logging:
Log output configuration:
 #0: stdout all=warning uptime,level,tags
 #1: stderr all=off uptime,level,tags

Environment Variables:
PATH=C:\Windows\system32;D:\H2\;D:\H2\bin;D:\jdk-17;D:\jdk-17\bin;D:\Scripts\;C:\Windows;C:\Windows\System32\Wbem;C:\Windows\System32\WindowsPowerShell\v1.0\;C:\Windows\System32\OpenSSH\;D:\Git\cmd;D:\nodejs\;C:\Program Files\MongoDB\Server\5.0\bin;C:\Program Files\Bandizip\;C:\Program Files\Docker\Docker\resources\bin;C:\ProgramData\DockerDesktop\version-bin;D:\Program Files\Amazon\AWSCLIV2\;D:\Program Files\PuTTY\;C:\windows\system32;D:\H2\;D:\H2\bin;D:\jdk-17\bin;D:\jdk-17;C:\Program Files\MySQL\MySQL Shell 8.0\bin\;C:\Users\Hyeong\AppData\Local\Microsoft\WindowsApps;C:\Users\Çü¼·\AppData\Roaming\npm;C:\Users\Çü¼·\AppData\Local\GitHubDesktop\bin;%IntelliJ IDEA Community Edition%;C:\Users\Hyeong\AppData\Roaming\npm;C:\Users\Hyeong\AppData\Local\GitHubDesktop\bin;C:\Users\Hyeong\AppData\Local\Google\Cloud SDK\google-cloud-sdk\bin;D:\Programs\Microsoft VS Code\bin
USERNAME=Hyeong
OS=Windows_NT
PROCESSOR_IDENTIFIER=AMD64 Family 23 Model 104 Stepping 1, AuthenticAMD



---------------  S Y S T E M  ---------------

OS:
 Windows 10 , 64 bit Build 19041 (10.0.19041.1889)
OS uptime: 1 days 10:58 hours
Hyper-V role detected

CPU: total 12 (initial active 12) (12 cores per cpu, 2 threads per core) family 23 model 104 stepping 1 microcode 0x0, cx8, cmov, fxsr, ht, mmx, 3dnowpref, sse, sse2, sse3, ssse3, sse4a, sse4.1, sse4.2, popcnt, lzcnt, tsc, tscinvbit, avx, avx2, aes, clmul, bmi1, bmi2, adx, sha, fma, vzeroupper, clflush, clflushopt, hv

Memory: 4k page, system-wide physical 15724M (4260M free)
TotalPageFile size 26893M (AvailPageFile size 134M)
current process WorkingSet (physical memory assigned to process): 10M, peak: 10M
current process commit charge ("private bytes"): 63M, peak: 309M

vm_info: Java HotSpot(TM) 64-Bit Server VM (17.0.3.1+2-LTS-6) for windows-amd64 JRE (17.0.3.1+2-LTS-6), built on Apr 25 2022 22:04:21 by "mach5one" with MS VC++ 16.8 / 16.9 (VS2019)

END.
